[2018-03-20 00:00:14.835] [INFO] app - req.path /common/queryDoctorList GET
[2018-03-20 00:00:15.067] [INFO] app - req.path /favicon.ico GET
[2018-03-20 00:01:25.185] [INFO] app - req.path //common/doctorList GET
[2018-03-20 00:01:30.762] [INFO] app - req.path /common/doctorList GET
[2018-03-20 00:02:50.884] [INFO] app - req.path /common/doctorList GET
[2018-03-20 00:06:29.834] [INFO] app - req.path /test GET
[2018-03-20 00:27:59.259] [INFO] app - req.path /test GET
[2018-03-20 11:24:37.134] [INFO] app - req.path /test GET
[2018-03-20 11:28:13.596] [INFO] app - req.path /test GET
[2018-03-20 11:28:29.159] [INFO] app - req.path /common/doctorList GET
[2018-03-20 11:31:35.004] [INFO] app - req.path /getToken GET
[2018-03-20 11:34:13.585] [INFO] app - req.path /test GET
[2018-03-20 11:34:24.750] [INFO] app - req.path /getToken GET
[2018-03-20 11:43:36.779] [INFO] app - req.path /getToken GET
[2018-03-20 11:43:36.798] [INFO] app - req.path /common/doctorList GET
[2018-03-20 11:55:05.632] [INFO] app - req.path /getToken GET
[2018-03-20 11:55:05.649] [INFO] app - req.path /common/doctorList GET
[2018-03-20 19:52:46.912] [INFO] app - req.path /getToken GET
[2018-03-20 19:53:22.960] [INFO] app - req.path /getToken GET
[2018-03-20 19:53:22.968] [INFO] app - req.path /common/doctorList GET
[2018-03-20 19:53:33.848] [INFO] app - req.path /common/calendar GET
[2018-03-20 19:53:33.866] [INFO] app - req.path /common/calendar GET
